c:\users\173623w\documents\2019sp4gdt\sp4 gdt team 10\ai\debug\vc141.pdb
c:\users\173623w\documents\2019sp4gdt\sp4 gdt team 10\ai\debug\vc141.idb
c:\users\173623w\documents\2019sp4gdt\sp4 gdt team 10\ai\debug\statemachine.obj
c:\users\173623w\documents\2019sp4gdt\sp4 gdt team 10\ai\debug\state.obj
c:\users\173623w\documents\2019sp4gdt\sp4 gdt team 10\ai\debug\shader.obj
c:\users\173623w\documents\2019sp4gdt\sp4 gdt team 10\ai\debug\scenegraph.obj
c:\users\173623w\documents\2019sp4gdt\sp4 gdt team 10\ai\debug\scenedata.obj
c:\users\173623w\documents\2019sp4gdt\sp4 gdt team 10\ai\debug\scenebase.obj
c:\users\173623w\documents\2019sp4gdt\sp4 gdt team 10\ai\debug\projectiles.obj
c:\users\173623w\documents\2019sp4gdt\sp4 gdt team 10\ai\debug\projectilemanager.obj
c:\users\173623w\documents\2019sp4gdt\sp4 gdt team 10\ai\debug\postoffice.obj
c:\users\173623w\documents\2019sp4gdt\sp4 gdt team 10\ai\debug\meshbuilder.obj
c:\users\173623w\documents\2019sp4gdt\sp4 gdt team 10\ai\debug\mesh.obj
c:\users\173623w\documents\2019sp4gdt\sp4 gdt team 10\ai\debug\maze.obj
c:\users\173623w\documents\2019sp4gdt\sp4 gdt team 10\ai\debug\main.obj
c:\users\173623w\documents\2019sp4gdt\sp4 gdt team 10\ai\debug\loadtga.obj
c:\users\173623w\documents\2019sp4gdt\sp4 gdt team 10\ai\debug\loadobj.obj
c:\users\173623w\documents\2019sp4gdt\sp4 gdt team 10\ai\debug\graph.obj
c:\users\173623w\documents\2019sp4gdt\sp4 gdt team 10\ai\debug\gameobject.obj
c:\users\173623w\documents\2019sp4gdt\sp4 gdt team 10\ai\debug\camera.obj
c:\users\173623w\documents\2019sp4gdt\sp4 gdt team 10\ai\debug\application.obj
c:\users\173623w\documents\2019sp4gdt\sp4 gdt team 10\ai\debug\utility.obj
c:\users\173623w\documents\2019sp4gdt\sp4 gdt team 10\ai\debug\smmanager.obj
c:\users\173623w\documents\2019sp4gdt\sp4 gdt team 10\debug\ai.exe
c:\users\173623w\documents\2019sp4gdt\sp4 gdt team 10\debug\ai.ilk
c:\users\173623w\documents\2019sp4gdt\sp4 gdt team 10\debug\ai.pdb
c:\users\173623w\documents\2019sp4gdt\sp4 gdt team 10\ai\debug\ai.tlog\cl.command.1.tlog
c:\users\173623w\documents\2019sp4gdt\sp4 gdt team 10\ai\debug\ai.tlog\cl.read.1.tlog
c:\users\173623w\documents\2019sp4gdt\sp4 gdt team 10\ai\debug\ai.tlog\cl.write.1.tlog
c:\users\173623w\documents\2019sp4gdt\sp4 gdt team 10\ai\debug\ai.tlog\link.command.1.tlog
c:\users\173623w\documents\2019sp4gdt\sp4 gdt team 10\ai\debug\ai.tlog\link.read.1.tlog
c:\users\173623w\documents\2019sp4gdt\sp4 gdt team 10\ai\debug\ai.tlog\link.write.1.tlog
